#
# A fatal error has been detected by the Java Runtime Environment:
#
#  SIGSEGV (0xb) at pc=0x00007f2847515690, pid=15528, tid=139810348558080
#
# JRE version: Java(TM) SE Runtime Environment (8.0_51-b16) (build 1.8.0_51-b16)
# Java VM: Java HotSpot(TM) 64-Bit Server VM (25.51-b03 mixed mode linux-amd64 compressed oops)
# Problematic frame:
# V  [libjvm.so+0x899690]  Method::checked_resolve_jmethod_id(_jmethodID*)+0x20
#
# Failed to write core dump. Core dumps have been disabled. To enable core dumping, try "ulimit -c unlimited" before starting Java again
#
# If you would like to submit a bug report, please visit:
#   http://bugreport.java.com/bugreport/crash.jsp
#

---------------  T H R E A D  ---------------

Current thread (0x00007f2840512800):  JavaThread "JDWP Transport Listener: dt_socket" daemon [_thread_in_vm, id=15546, stack(0x00007f2822196000,0x00007f2822297000)]

siginfo: si_signo: 11 (SIGSEGV), si_code: 128 (SI_KERNEL), si_addr: 0x0000000000000000

Registers:
RAX=0x0000000000000001, RBX=0x00007f2840005370, RCX=0x00007f2848642340, RDX=0x00007f2847c1aba0
RSP=0x00007f2822295a50, RBP=0x00007f2822295a60, RSI=0x00007f2840512800, RDI=0x4c003b00003b7200
R8 =0x00007f27fc012550, R9 =0x0000000000000000, R10=0x0000000000000030, R11=0x00007f2847ddc230
R12=0x0000000000000017, R13=0x4c003b00003b7200, R14=0x00007f2840512800, R15=0x00007f2822295b67
RIP=0x00007f2847515690, EFLAGS=0x0000000000010206, CSGSFS=0x0000000000000033, ERR=0x0000000000000000
  TRAPNO=0x000000000000000d

Top of Stack: (sp=0x00007f2822295a50)
0x00007f2822295a50:   0000000000000074 00007f2840005370
0x00007f2822295a60:   00007f2822295ad0 00007f28473a6f9e
0x00007f2822295a70:   00007f2822295a90 00007f2822295a80
0x00007f2822295a80:   00007f2840512800 0000000000000000
0x00007f2822295a90:   00007f2800000000 0000000000000000
0x00007f2822295aa0:   00007f2822295ac0 00007f2846126e40
0x00007f2822295ab0:   4c003b00003b7200 00007f2822295b67
0x00007f2822295ac0:   0000000000000005 00007f2822295b67
0x00007f2822295ad0:   00007f2822295b00 00007f2845f128c2
0x00007f2822295ae0:   00007f2822295b00 4c003b00003b7200
0x00007f2822295af0:   00007f2822295bd0 0000000000000028
0x00007f2822295b00:   00007f2822295b90 00007f2845ef3aa0
0x00007f2822295b10:   00007f2822295b48 00007f2822295b40
0x00007f2822295b20:   00007f2822295b38 00007f2822295b5c
0x00007f2822295b30:   00000001fc002f20 0000000000000000
0x00007f2822295b40:   0000000000000000 0000000000000000
0x00007f2822295b50:   00007f27fc0305d0 0000000122295bd0
0x00007f2822295b60:   0000000000000006 0000000000000002
0x00007f2822295b70:   000000000000000f 0000000000000002
0x00007f2822295b80:   00000000000f0200 000000000000000f
0x00007f2822295b90:   00007f2822295de0 00007f2845efe9c6
0x00007f2822295ba0:   0000169500000013 00007f28470f0200
0x00007f2822295bb0:   00007f27f4001000 0000000000000000
0x00007f2822295bc0:   00007f2822295bd0 00007f2822295d60
0x00007f2822295bd0:   00007f27fc02bc59 00007f280000011f
0x00007f2822295be0:   00007f27fc02b150 000000000000012c
0x00007f2822295bf0:   00007f2822295c20 00007f27fc02b150
0x00007f2822295c00:   00007f0000000000 0000169500000014
0x00007f2822295c10:   00007f2800005d80 00007f2822295c20
0x00007f2822295c20:   277f000006000000 0800000038f201fc
0x00007f2822295c30:   6562756c43746567 6f634c283a000000
0x00007f2822295c40:   632f696f6c652f6d 7361686e61706d61 

Instructions: (pc=0x00007f2847515690)
0x00007f2847515670:   55 48 89 e5 53 48 83 ec 08 48 85 ff 75 12 31 db
0x00007f2847515680:   48 89 d8 48 83 c4 08 5b c9 c3 66 0f 1f 44 00 00
0x00007f2847515690:   48 8b 1f 48 85 db 74 e6 48 83 fb 37 74 e0 48 8b
0x00007f28475156a0:   03 48 89 df ff 50 10 84 c0 0f 1f 80 00 00 00 00 

Register to memory mapping:

RAX=0x0000000000000001 is an unknown value
RBX=0x00007f2840005370 is an unknown value
RCX=0x00007f2848642340: <offset 0x219340> in /lib/x86_64-linux-gnu/libpthread.so.0 at 0x00007f2848429000
RDX=0x00007f2847c1aba0: <offset 0xf9eba0> in /home/u100466/desenvolvimento/java/jdk1.8.0_51/jre/lib/amd64/server/libjvm.so at 0x00007f2846c7c000
RSP=0x00007f2822295a50 is pointing into the stack for thread: 0x00007f2840512800
RBP=0x00007f2822295a60 is pointing into the stack for thread: 0x00007f2840512800
RSI=0x00007f2840512800 is a thread
RDI=0x4c003b00003b7200 is an unknown value
R8 =0x00007f27fc012550 is an unknown value
R9 =0x0000000000000000 is an unknown value
R10=0x0000000000000030 is an unknown value
R11=0x00007f2847ddc230: <offset 0x197230> in /lib/x86_64-linux-gnu/libc.so.6 at 0x00007f2847c45000
R12=0x0000000000000017 is an unknown value
R13=0x4c003b00003b7200 is an unknown value
R14=0x00007f2840512800 is a thread
R15=0x00007f2822295b67 is pointing into the stack for thread: 0x00007f2840512800


Stack: [0x00007f2822196000,0x00007f2822297000],  sp=0x00007f2822295a50,  free space=1022k
Native frames: (J=compiled Java code, j=interpreted, Vv=VM code, C=native code)
V  [libjvm.so+0x899690]  Method::checked_resolve_jmethod_id(_jmethodID*)+0x20
V  [libjvm.so+0x72af9e]  jvmti_IsMethodSynthetic+0x2be
C  [libjdwp.so+0x258c2]  isMethodSynthetic+0x42
C  [libjdwp.so+0x6aa0]  methods1+0x1b0
C  [libjdwp.so+0x119c6]  debugLoop_run+0x2b6
C  [libjdwp.so+0x247ff]  attachThread+0x2f
V  [libjvm.so+0x797362]  JvmtiAgentThread::call_start_function()+0xc2
V  [libjvm.so+0xa5cbcf]  JavaThread::thread_main_inner()+0xdf
V  [libjvm.so+0xa5ccfc]  JavaThread::run()+0x11c
V  [libjvm.so+0x911048]  java_start(Thread*)+0x108
C  [libpthread.so.0+0x76aa]  start_thread+0xca


---------------  P R O C E S S  ---------------

Java Threads: ( => current thread )
  0x00007f28412c7000 JavaThread "Tomcat JDBC Pool Cleaner[349885916:1510174235945]" daemon [_thread_blocked, id=15563, stack(0x00007f2820f50000,0x00007f2821051000)]
  0x00007f2840574800 JavaThread "ReaderThread" [_thread_in_native, id=15558, stack(0x00007f2821476000,0x00007f2821577000)]
  0x00007f2840528800 JavaThread "Service Thread" daemon [_thread_blocked, id=15555, stack(0x00007f2821b90000,0x00007f2821c91000)]
  0x00007f284051d800 JavaThread "C1 CompilerThread2" daemon [_thread_blocked, id=15554, stack(0x00007f2821c91000,0x00007f2821d92000)]
  0x00007f284051b000 JavaThread "C2 CompilerThread1" daemon [_thread_blocked, id=15553, stack(0x00007f2821d92000,0x00007f2821e93000)]
  0x00007f2840519000 JavaThread "C2 CompilerThread0" daemon [_thread_blocked, id=15552, stack(0x00007f2821e93000,0x00007f2821f94000)]
  0x00007f27fc001000 JavaThread "JDWP Command Reader" daemon [_thread_in_native, id=15550, stack(0x00007f2821f94000,0x00007f2822095000)]
  0x00007f2840516000 JavaThread "JDWP Event Helper Thread" daemon [_thread_blocked, id=15548, stack(0x00007f2822095000,0x00007f2822196000)]
=>0x00007f2840512800 JavaThread "JDWP Transport Listener: dt_socket" daemon [_thread_in_vm, id=15546, stack(0x00007f2822196000,0x00007f2822297000)]
  0x00007f284018f000 JavaThread "Signal Dispatcher" daemon [_thread_blocked, id=15543, stack(0x00007f28231f2000,0x00007f28232f3000)]
  0x00007f2840157800 JavaThread "Finalizer" daemon [_thread_blocked, id=15542, stack(0x00007f28232f3000,0x00007f28233f4000)]
  0x00007f2840155800 JavaThread "Reference Handler" daemon [_thread_blocked, id=15541, stack(0x00007f28233f4000,0x00007f28234f5000)]
  0x00007f284001b000 JavaThread "main" [_thread_blocked, id=15534, stack(0x00007f2848749000,0x00007f284884a000)]

Other Threads:
  0x00007f2840150000 VMThread [stack: 0x00007f28234f5000,0x00007f28235f6000] [id=15540]
  0x00007f284052c000 WatcherThread [stack: 0x00007f2821a8f000,0x00007f2821b90000] [id=15557]

VM state:not at safepoint (normal execution)

VM Mutex/Monitor currently owned by a thread: None

Heap:
 PSYoungGen      total 150016K, used 145745K [0x00000000d6d80000, 0x00000000e3000000, 0x0000000100000000)
  eden space 138752K, 96% used [0x00000000d6d80000,0x00000000df0d9930,0x00000000df500000)
  from space 11264K, 99% used [0x00000000df500000,0x00000000dfffab28,0x00000000e0000000)
  to   space 12800K, 0% used [0x00000000e2380000,0x00000000e2380000,0x00000000e3000000)
 ParOldGen       total 95744K, used 18208K [0x0000000084800000, 0x000000008a580000, 0x00000000d6d80000)
  object space 95744K, 19% used [0x0000000084800000,0x00000000859c8150,0x000000008a580000)
 Metaspace       used 47329K, capacity 47760K, committed 48256K, reserved 1091584K
  class space    used 6130K, capacity 6229K, committed 6272K, reserved 1048576K

Card table byte_map: [0x00007f284482c000,0x00007f2844c09000] byte_map_base: 0x00007f2844408000

Marking Bits: (ParMarkBitMap*) 0x00007f2847c1a660
 Begin Bits: [0x00007f2828240000, 0x00007f282a120000)
 End Bits:   [0x00007f282a120000, 0x00007f282c000000)

Polling page: 0x00007f2848867000

CodeCache: size=245760Kb used=13488Kb max_used=13613Kb free=232271Kb
 bounds [0x00007f2831000000, 0x00007f2831dc0000, 0x00007f2840000000]
 total_blobs=3935 nmethods=3448 adapters=407
 compilation: enabled

Compilation events (10 events):
Event: 322.885 Thread 0x00007f284051d800 4029       3       java.util.TaskQueue::isEmpty (13 bytes)
Event: 322.885 Thread 0x00007f284051d800 nmethod 4029 0x00007f28312bdcd0 code [0x00007f28312bde40, 0x00007f28312bdff0]
Event: 327.885 Thread 0x00007f284051d800 4030       1       org.apache.tomcat.jdbc.pool.PoolProperties::isRemoveAbandoned (5 bytes)
Event: 327.885 Thread 0x00007f284051d800 nmethod 4030 0x00007f2831216290 code [0x00007f28312163e0, 0x00007f28312164f0]
Event: 327.886 Thread 0x00007f284051d800 4031       1       org.apache.tomcat.jdbc.pool.PoolProperties::getSuspectTimeout (5 bytes)
Event: 327.886 Thread 0x00007f284051d800 nmethod 4031 0x00007f2831692a50 code [0x00007f2831692ba0, 0x00007f2831692cb0]
Event: 327.886 Thread 0x00007f284051d800 4032       1       org.apache.tomcat.jdbc.pool.PoolProperties::isTestWhileIdle (5 bytes)
Event: 327.886 Thread 0x00007f284051d800 nmethod 4032 0x00007f283178b950 code [0x00007f283178baa0, 0x00007f283178bbb0]
Event: 412.887 Thread 0x00007f284051d800 4033       1       org.apache.tomcat.jdbc.pool.ConnectionPool::isClosed (5 bytes)
Event: 412.887 Thread 0x00007f284051d800 nmethod 4033 0x00007f2831337110 code [0x00007f2831337260, 0x00007f2831337370]

GC Heap History (10 events):
Event: 2.140 GC heap before
{Heap before GC invocations=7 (full 1):
 PSYoungGen      total 68608K, used 63488K [0x00000000d6d80000, 0x00000000dfa80000, 0x0000000100000000)
  eden space 63488K, 100% used [0x00000000d6d80000,0x00000000dab80000,0x00000000dab80000)
  from space 5120K, 0% used [0x00000000dab80000,0x00000000dab80000,0x00000000db080000)
  to   space 8704K, 0% used [0x00000000df200000,0x00000000df200000,0x00000000dfa80000)
 ParOldGen       total 57856K, used 7443K [0x0000000084800000, 0x0000000088080000, 0x00000000d6d80000)
  object space 57856K, 12% used [0x0000000084800000,0x0000000084f44f78,0x0000000088080000)
 Metaspace       used 24075K, capacity 24432K, committed 24704K, reserved 1071104K
  class space    used 2990K, capacity 3093K, committed 3200K, reserved 1048576K
Event: 2.147 GC heap after
Heap after GC invocations=7 (full 1):
 PSYoungGen      total 100352K, used 5321K [0x00000000d6d80000, 0x00000000df780000, 0x0000000100000000)
  eden space 94720K, 0% used [0x00000000d6d80000,0x00000000d6d80000,0x00000000dca00000)
  from space 5632K, 94% used [0x00000000df200000,0x00000000df732670,0x00000000df780000)
  to   space 8192K, 0% used [0x00000000de780000,0x00000000de780000,0x00000000def80000)
 ParOldGen       total 57856K, used 7451K [0x0000000084800000, 0x0000000088080000, 0x00000000d6d80000)
  object space 57856K, 12% used [0x0000000084800000,0x0000000084f46f78,0x0000000088080000)
 Metaspace       used 24075K, capacity 24432K, committed 24704K, reserved 1071104K
  class space    used 2990K, capacity 3093K, committed 3200K, reserved 1048576K
}
Event: 2.836 GC heap before
{Heap before GC invocations=8 (full 1):
 PSYoungGen      total 100352K, used 100020K [0x00000000d6d80000, 0x00000000df780000, 0x0000000100000000)
  eden space 94720K, 99% used [0x00000000d6d80000,0x00000000dc9faac8,0x00000000dca00000)
  from space 5632K, 94% used [0x00000000df200000,0x00000000df732670,0x00000000df780000)
  to   space 8192K, 0% used [0x00000000de780000,0x00000000de780000,0x00000000def80000)
 ParOldGen       total 57856K, used 7451K [0x0000000084800000, 0x0000000088080000, 0x00000000d6d80000)
  object space 57856K, 12% used [0x0000000084800000,0x0000000084f46f78,0x0000000088080000)
 Metaspace       used 26683K, capacity 27026K, committed 27264K, reserved 1073152K
  class space    used 3354K, capacity 3456K, committed 3456K, reserved 1048576K
Event: 2.849 GC heap after
Heap after GC invocations=8 (full 1):
 PSYoungGen      total 133120K, used 7048K [0x00000000d6d80000, 0x00000000e0880000, 0x0000000100000000)
  eden space 124928K, 0% used [0x00000000d6d80000,0x00000000d6d80000,0x00000000de780000)
  from space 8192K, 86% used [0x00000000de780000,0x00000000dee62398,0x00000000def80000)
  to   space 8704K, 0% used [0x00000000e0000000,0x00000000e0000000,0x00000000e0880000)
 ParOldGen       total 57856K, used 7459K [0x0000000084800000, 0x0000000088080000, 0x00000000d6d80000)
  object space 57856K, 12% used [0x0000000084800000,0x0000000084f48f78,0x0000000088080000)
 Metaspace       used 26683K, capacity 27026K, committed 27264K, reserved 1073152K
  class space    used 3354K, capacity 3456K, committed 3456K, reserved 1048576K
}
Event: 3.449 GC heap before
{Heap before GC invocations=9 (full 1):
 PSYoungGen      total 133120K, used 74098K [0x00000000d6d80000, 0x00000000e0880000, 0x0000000100000000)
  eden space 124928K, 53% used [0x00000000d6d80000,0x00000000daefa590,0x00000000de780000)
  from space 8192K, 86% used [0x00000000de780000,0x00000000dee62398,0x00000000def80000)
  to   space 8704K, 0% used [0x00000000e0000000,0x00000000e0000000,0x00000000e0880000)
 ParOldGen       total 57856K, used 7459K [0x0000000084800000, 0x0000000088080000, 0x00000000d6d80000)
  object space 57856K, 12% used [0x0000000084800000,0x0000000084f48f78,0x0000000088080000)
 Metaspace       used 34896K, capacity 35242K, committed 35496K, reserved 1081344K
  class space    used 4456K, capacity 4548K, committed 4608K, reserved 1048576K
Event: 3.463 GC heap after
Heap after GC invocations=9 (full 1):
 PSYoungGen      total 147456K, used 8673K [0x00000000d6d80000, 0x00000000e3a80000, 0x0000000100000000)
  eden space 138752K, 0% used [0x00000000d6d80000,0x00000000d6d80000,0x00000000df500000)
  from space 8704K, 99% used [0x00000000e0000000,0x00000000e0878670,0x00000000e0880000)
  to   space 11264K, 0% used [0x00000000df500000,0x00000000df500000,0x00000000e0000000)
 ParOldGen       total 57856K, used 11488K [0x0000000084800000, 0x0000000088080000, 0x00000000d6d80000)
  object space 57856K, 19% used [0x0000000084800000,0x0000000085338350,0x0000000088080000)
 Metaspace       used 34896K, capacity 35242K, committed 35496K, reserved 1081344K
  class space    used 4456K, capacity 4548K, committed 4608K, reserved 1048576K
}
Event: 3.463 GC heap before
{Heap before GC invocations=10 (full 2):
 PSYoungGen      total 147456K, used 8673K [0x00000000d6d80000, 0x00000000e3a80000, 0x0000000100000000)
  eden space 138752K, 0% used [0x00000000d6d80000,0x00000000d6d80000,0x00000000df500000)
  from space 8704K, 99% used [0x00000000e0000000,0x00000000e0878670,0x00000000e0880000)
  to   space 11264K, 0% used [0x00000000df500000,0x00000000df500000,0x00000000e0000000)
 ParOldGen       total 57856K, used 11488K [0x0000000084800000, 0x0000000088080000, 0x00000000d6d80000)
  object space 57856K, 19% used [0x0000000084800000,0x0000000085338350,0x0000000088080000)
 Metaspace       used 34896K, capacity 35242K, committed 35496K, reserved 1081344K
  class space    used 4456K, capacity 4548K, committed 4608K, reserved 1048576K
Event: 3.517 GC heap after
Heap after GC invocations=10 (full 2):
 PSYoungGen      total 147456K, used 0K [0x00000000d6d80000, 0x00000000e3a80000, 0x0000000100000000)
  eden space 138752K, 0% used [0x00000000d6d80000,0x00000000d6d80000,0x00000000df500000)
  from space 8704K, 0% used [0x00000000e0000000,0x00000000e0000000,0x00000000e0880000)
  to   space 11264K, 0% used [0x00000000df500000,0x00000000df500000,0x00000000e0000000)
 ParOldGen       total 95744K, used 17847K [0x0000000084800000, 0x000000008a580000, 0x00000000d6d80000)
  object space 95744K, 18% used [0x0000000084800000,0x000000008596df98,0x000000008a580000)
 Metaspace       used 34896K, capacity 35242K, committed 35496K, reserved 1081344K
  class space    used 4456K, capacity 4548K, committed 4608K, reserved 1048576K
}
Event: 4.749 GC heap before
{Heap before GC invocations=11 (full 2):
 PSYoungGen      total 147456K, used 138752K [0x00000000d6d80000, 0x00000000e3a80000, 0x0000000100000000)
  eden space 138752K, 100% used [0x00000000d6d80000,0x00000000df500000,0x00000000df500000)
  from space 8704K, 0% used [0x00000000e0000000,0x00000000e0000000,0x00000000e0880000)
  to   space 11264K, 0% used [0x00000000df500000,0x00000000df500000,0x00000000e0000000)
 ParOldGen       total 95744K, used 17847K [0x0000000084800000, 0x000000008a580000, 0x00000000d6d80000)
  object space 95744K, 18% used [0x0000000084800000,0x000000008596df98,0x000000008a580000)
 Metaspace       used 42757K, capacity 43200K, committed 43648K, reserved 1087488K
  class space    used 5543K, capacity 5677K, committed 5760K, reserved 1048576K
Event: 4.762 GC heap after
Heap after GC invocations=11 (full 2):
 PSYoungGen      total 150016K, used 11242K [0x00000000d6d80000, 0x00000000e3000000, 0x0000000100000000)
  eden space 138752K, 0% used [0x00000000d6d80000,0x00000000d6d80000,0x00000000df500000)
  from space 11264K, 99% used [0x00000000df500000,0x00000000dfffab28,0x00000000e0000000)
  to   space 12800K, 0% used [0x00000000e2380000,0x00000000e2380000,0x00000000e3000000)
 ParOldGen       total 95744K, used 18208K [0x0000000084800000, 0x000000008a580000, 0x00000000d6d80000)
  object space 95744K, 19% used [0x0000000084800000,0x00000000859c8150,0x000000008a580000)
 Metaspace       used 42757K, capacity 43200K, committed 43648K, reserved 1087488K
  class space    used 5543K, capacity 5677K, committed 5760K, reserved 1048576K
}

Deoptimization events (10 events):
Event: 6.016 Thread 0x00007f284001b000 Uncommon trap: reason=unhandled action=none pc=0x00007f2831b66f90 method=java.net.URLClassLoader.findClass(Ljava/lang/String;)Ljava/lang/Class; @ 44
Event: 6.019 Thread 0x00007f284001b000 Uncommon trap: reason=unhandled action=none pc=0x00007f2831b66f90 method=java.net.URLClassLoader.findClass(Ljava/lang/String;)Ljava/lang/Class; @ 44
Event: 6.020 Thread 0x00007f284001b000 Uncommon trap: reason=range_check action=none pc=0x00007f283130a4e4 method=sun.reflect.generics.parser.SignatureParser.current()C @ 34
Event: 6.021 Thread 0x00007f284001b000 Uncommon trap: reason=unhandled action=none pc=0x00007f2831b66f90 method=java.net.URLClassLoader.findClass(Ljava/lang/String;)Ljava/lang/Class; @ 44
Event: 6.022 Thread 0x00007f284001b000 Uncommon trap: reason=unhandled action=none pc=0x00007f2831b66f90 method=java.net.URLClassLoader.findClass(Ljava/lang/String;)Ljava/lang/Class; @ 44
Event: 6.022 Thread 0x00007f284001b000 Uncommon trap: reason=unhandled action=none pc=0x00007f2831b66f90 method=java.net.URLClassLoader.findClass(Ljava/lang/String;)Ljava/lang/Class; @ 44
Event: 6.023 Thread 0x00007f284001b000 Uncommon trap: reason=unhandled action=none pc=0x00007f2831b66f90 method=java.net.URLClassLoader.findClass(Ljava/lang/String;)Ljava/lang/Class; @ 44
Event: 6.023 Thread 0x00007f284001b000 Uncommon trap: reason=unhandled action=none pc=0x00007f2831b66f90 method=java.net.URLClassLoader.findClass(Ljava/lang/String;)Ljava/lang/Class; @ 44
Event: 6.024 Thread 0x00007f284001b000 Uncommon trap: reason=unhandled action=none pc=0x00007f2831b66f90 method=java.net.URLClassLoader.findClass(Ljava/lang/String;)Ljava/lang/Class; @ 44
Event: 6.024 Thread 0x00007f284001b000 Uncommon trap: reason=unhandled action=none pc=0x00007f2831b66f90 method=java.net.URLClassLoader.findClass(Ljava/lang/String;)Ljava/lang/Class; @ 44

Internal exceptions (10 events):
Event: 5.637 Thread 0x00007f284001b000 Exception <a 'java/lang/ArrayIndexOutOfBoundsException': 192> (0x00000000dd0f9520) thrown at [/HUDSON/workspace/8-2-build-linux-amd64/jdk8u51/3951/hotspot/src/share/vm/interpreter/interpreterRuntime.cpp, line 366]
Event: 5.716 Thread 0x00007f284001b000 Exception <a 'java/lang/ClassNotFoundException': java/lang/ObjectCustomizer> (0x00000000dd5f6190) thrown at [/HUDSON/workspace/8-2-build-linux-amd64/jdk8u51/3951/hotspot/src/share/vm/classfile/systemDictionary.cpp, line 210]
Event: 5.717 Thread 0x00007f284001b000 Exception <a 'java/lang/ClassNotFoundException': com/eloi/campanhas/CampanhasApplicationTestsCustomizer> (0x00000000dd6111b0) thrown at [/HUDSON/workspace/8-2-build-linux-amd64/jdk8u51/3951/hotspot/src/share/vm/classfile/systemDictionary.cpp, line 210]
Event: 5.790 Thread 0x00007f284001b000 Exception <a 'java/lang/ArrayIndexOutOfBoundsException': 183> (0x00000000ddc35000) thrown at [/HUDSON/workspace/8-2-build-linux-amd64/jdk8u51/3951/hotspot/src/share/vm/interpreter/interpreterRuntime.cpp, line 366]
Event: 5.957 Thread 0x00007f284001b000 Exception <a 'java/lang/ArrayIndexOutOfBoundsException': 98> (0x00000000de82ad80) thrown at [/HUDSON/workspace/8-2-build-linux-amd64/jdk8u51/3951/hotspot/src/share/vm/interpreter/interpreterRuntime.cpp, line 366]
Event: 5.961 Thread 0x00007f284001b000 Exception <a 'java/lang/ClassNotFoundException': java/lang/ObjectCustomizer> (0x00000000de863f70) thrown at [/HUDSON/workspace/8-2-build-linux-amd64/jdk8u51/3951/hotspot/src/share/vm/classfile/systemDictionary.cpp, line 210]
Event: 5.962 Thread 0x00007f284001b000 Exception <a 'java/lang/ClassNotFoundException': com/eloi/campanhas/domain/CampanhaCustomizer> (0x00000000de87cfe8) thrown at [/HUDSON/workspace/8-2-build-linux-amd64/jdk8u51/3951/hotspot/src/share/vm/classfile/systemDictionary.cpp, line 210]
Event: 6.013 Thread 0x00007f284001b000 Exception <a 'java/lang/ArrayIndexOutOfBoundsException': 114> (0x00000000debdd010) thrown at [/HUDSON/workspace/8-2-build-linux-amd64/jdk8u51/3951/hotspot/src/share/vm/interpreter/interpreterRuntime.cpp, line 366]
Event: 6.014 Thread 0x00007f284001b000 Exception <a 'java/lang/ArrayIndexOutOfBoundsException': 76> (0x00000000debde7f0) thrown at [/HUDSON/workspace/8-2-build-linux-amd64/jdk8u51/3951/hotspot/src/share/vm/interpreter/interpreterRuntime.cpp, line 366]
Event: 6.020 Thread 0x00007f284001b000 Exception <a 'java/lang/ArrayIndexOutOfBoundsException': 15> (0x00000000dec69cb0) thrown at [/HUDSON/workspace/8-2-build-linux-amd64/jdk8u51/3951/hotspot/src/share/vm/interpreter/interpreterRuntime.cpp, line 366]

Events (10 events):
Event: 477.377 Executing VM operation: EnterInterpOnlyMode
Event: 477.377 Executing nested VM operation: Deoptimize
Event: 477.377 Executing nested VM operation: Deoptimize done
Event: 477.377 Executing VM operation: EnterInterpOnlyMode done
Event: 477.377 Executing VM operation: GetCurrentLocation
Event: 477.378 Executing VM operation: GetCurrentLocation done
Event: 477.378 Executing VM operation: ChangeSingleStep
Event: 477.378 Executing VM operation: ChangeSingleStep done
Event: 477.378 Executing VM operation: ChangeSingleStep
Event: 477.378 Executing VM operation: ChangeSingleStep done


Dynamic libraries:
00400000-00401000 r-xp 00000000 08:01 10369687                           /home/u100466/desenvolvimento/java/jdk1.8.0_51/bin/java
00600000-00601000 rw-p 00000000 08:01 10369687                           /home/u100466/desenvolvimento/java/jdk1.8.0_51/bin/java
007df000-00800000 rw-p 00000000 00:00 0                                  [heap]
84800000-8a580000 rw-p 00000000 00:00 0 
8a580000-d6d80000 ---p 00000000 00:00 0 
d6d80000-e3000000 rw-p 00000000 00:00 0 
e3000000-100000000 ---p 00000000 00:00 0 
100000000-100620000 rw-p 00000000 00:00 0 
100620000-140000000 ---p 00000000 00:00 0 
7f27da83d000-7f27da93d000 rw-p 00000000 00:00 0 
7f27da93d000-7f27daa3d000 ---p 00000000 00:00 0 
7f27daa3d000-7f27dac3d000 rw-p 00000000 00:00 0 
7f27dac3d000-7f27dae3d000 rw-p 00000000 00:00 0 
7f27dae3d000-7f27db03d000 rw-p 00000000 00:00 0 
7f27db03d000-7f27db23d000 rw-p 00000000 00:00 0 
7f27db23d000-7f27db43d000 rw-p 00000000 00:00 0 
7f27db43d000-7f27db63d000 rw-p 00000000 00:00 0 
7f27db63d000-7f27db83d000 rw-p 00000000 00:00 0 
7f27db83d000-7f27dba3d000 rw-p 00000000 00:00 0 
7f27dbc00000-7f27dbe00000 rw-p 00000000 00:00 0 
7f27dbe00000-7f27dc000000 rw-p 00000000 00:00 0 
7f27dc000000-7f27dc33d000 rw-p 00000000 00:00 0 
7f27dc33d000-7f27e0000000 ---p 00000000 00:00 0 
7f27e0000000-7f27e0038000 rw-p 00000000 00:00 0 
7f27e0038000-7f27e4000000 ---p 00000000 00:00 0 
7f27e4000000-7f27e4021000 rw-p 00000000 00:00 0 
7f27e4021000-7f27e8000000 ---p 00000000 00:00 0 
7f27e8000000-7f27e8021000 rw-p 00000000 00:00 0 
7f27e8021000-7f27ec000000 ---p 00000000 00:00 0 
7f27ec000000-7f27ecf88000 rw-p 00000000 00:00 0 
7f27ecf88000-7f27f0000000 ---p 00000000 00:00 0 
7f27f0000000-7f27f0021000 rw-p 00000000 00:00 0 
7f27f0021000-7f27f4000000 ---p 00000000 00:00 0 
7f27f4000000-7f27f4021000 rw-p 00000000 00:00 0 
7f27f4021000-7f27f8000000 ---p 00000000 00:00 0 
7f27f8000000-7f27fb201000 rw-p 00000000 00:00 0 
7f27fb201000-7f27fc000000 ---p 00000000 00:00 0 
7f27fc000000-7f27fc2ce000 rw-p 00000000 00:00 0 
7f27fc2ce000-7f2800000000 ---p 00000000 00:00 0 
7f2800000000-7f2800021000 rw-p 00000000 00:00 0 
7f2800021000-7f2804000000 ---p 00000000 00:00 0 
7f2804000000-7f2804021000 rw-p 00000000 00:00 0 
7f2804021000-7f2808000000 ---p 00000000 00:00 0 
7f2808000000-7f2808021000 rw-p 00000000 00:00 0 
7f2808021000-7f280c000000 ---p 00000000 00:00 0 
7f280c000000-7f280c021000 rw-p 00000000 00:00 0 
7f280c021000-7f2810000000 ---p 00000000 00:00 0 
7f2810000000-7f2810021000 rw-p 00000000 00:00 0 
7f2810021000-7f2814000000 ---p 00000000 00:00 0 
7f2814000000-7f2814021000 rw-p 00000000 00:00 0 
7f2814021000-7f2818000000 ---p 00000000 00:00 0 
7f2818000000-7f281aab7000 rw-p 00000000 00:00 0 
7f281aab7000-7f281c000000 ---p 00000000 00:00 0 
7f281c000000-7f281c021000 rw-p 00000000 00:00 0 
7f281c021000-7f2820000000 ---p 00000000 00:00 0 
7f282009d000-7f282029d000 rw-p 00000000 00:00 0 
7f282029d000-7f28202ae000 r-xp 00000000 08:01 10369576                   /home/u100466/desenvolvimento/java/jdk1.8.0_51/jre/lib/amd64/libnio.so
7f28202ae000-7f28204ad000 ---p 00011000 08:01 10369576                   /home/u100466/desenvolvimento/java/jdk1.8.0_51/jre/lib/amd64/libnio.so
7f28204ad000-7f28204ae000 rw-p 00010000 08:01 10369576                   /home/u100466/desenvolvimento/java/jdk1.8.0_51/jre/lib/amd64/libnio.so
7f28205a7000-7f28205ba000 r--s 00344000 08:01 10369624                   /home/u100466/desenvolvimento/java/jdk1.8.0_51/jre/lib/resources.jar
7f28205ba000-7f282064f000 r--s 010fb000 08:01 10369609                   /home/u100466/desenvolvimento/java/jdk1.8.0_51/jre/lib/ext/jfxrt.jar
7f282064f000-7f282084f000 rw-p 00000000 00:00 0 
7f282084f000-7f2820852000 ---p 00000000 00:00 0 
7f2820852000-7f2820b50000 rw-p 00000000 00:00 0 
7f2820b50000-7f2820d50000 rw-p 00000000 00:00 0 
7f2820d50000-7f2820f50000 rw-p 00000000 00:00 0 
7f2820f50000-7f2820f53000 ---p 00000000 00:00 0 
7f2820f53000-7f2821051000 rw-p 00000000 00:00 0                          [stack:15563]
7f2821051000-7f2821059000 r-xp 00000000 08:01 10369534                   /home/u100466/desenvolvimento/java/jdk1.8.0_51/jre/lib/amd64/libmanagement.so
7f2821059000-7f2821259000 ---p 00008000 08:01 10369534                   /home/u100466/desenvolvimento/java/jdk1.8.0_51/jre/lib/amd64/libmanagement.so
7f2821259000-7f282125a000 rw-p 00008000 08:01 10369534                   /home/u100466/desenvolvimento/java/jdk1.8.0_51/jre/lib/amd64/libmanagement.so
7f282125a000-7f282145a000 rw-p 00000000 00:00 0 
7f282145a000-7f2821476000 r--s 00393000 08:01 10369610                   /home/u100466/desenvolvimento/java/jdk1.8.0_51/jre/lib/ext/cldrdata.jar
7f2821476000-7f2821479000 ---p 00000000 00:00 0 
7f2821479000-7f2821878000 rw-p 00000000 00:00 0                          [stack:15558]
7f2821878000-7f282188e000 r-xp 00000000 08:01 10369548                   /home/u100466/desenvolvimento/java/jdk1.8.0_51/jre/lib/amd64/libnet.so
7f282188e000-7f2821a8e000 ---p 00016000 08:01 10369548                   /home/u100466/desenvolvimento/java/jdk1.8.0_51/jre/lib/amd64/libnet.so
7f2821a8e000-7f2821a8f000 rw-p 00016000 08:01 10369548                   /home/u100466/desenvolvimento/java/jdk1.8.0_51/jre/lib/amd64/libnet.so
7f2821a8f000-7f2821a90000 ---p 00000000 00:00 0 
7f2821a90000-7f2821b90000 rw-p 00000000 00:00 0                          [stack:15557]
7f2821b90000-7f2821b93000 ---p 00000000 00:00 0 
7f2821b93000-7f2821c91000 rw-p 00000000 00:00 0                          [stack:15555]
7f2821c91000-7f2821c94000 ---p 00000000 00:00 0 
7f2821c94000-7f2821d92000 rw-p 00000000 00:00 0                          [stack:15554]
7f2821d92000-7f2821d95000 ---p 00000000 00:00 0 
7f2821d95000-7f2821e93000 rw-p 00000000 00:00 0                          [stack:15553]
7f2821e93000-7f2821e96000 ---p 00000000 00:00 0 
7f2821e96000-7f2821f94000 rw-p 00000000 00:00 0                          [stack:15552]
7f2821f94000-7f2821f97000 ---p 00000000 00:00 0 
7f2821f97000-7f2822095000 rw-p 00000000 00:00 0                          [stack:15550]
7f2822095000-7f2822098000 ---p 00000000 00:00 0 
7f2822098000-7f2822196000 rw-p 00000000 00:00 0                          [stack:15548]
7f2822196000-7f2822199000 ---p 00000000 00:00 0 
7f2822199000-7f2822297000 rw-p 00000000 00:00 0                          [stack:15546]
7f2822297000-7f282229b000 r-xp 00000000 08:01 10369515                   /home/u100466/desenvolvimento/java/jdk1.8.0_51/jre/lib/amd64/libdt_socket.so
7f282229b000-7f282249a000 ---p 00004000 08:01 10369515                   /home/u100466/desenvolvimento/java/jdk1.8.0_51/jre/lib/amd64/libdt_socket.so
7f282249a000-7f282249b000 rw-p 00003000 08:01 10369515                   /home/u100466/desenvolvimento/java/jdk1.8.0_51/jre/lib/amd64/libdt_socket.so
7f282249b000-7f28224a0000 r-xp 00000000 08:01 21897087                   /usr/lib/x86_64-linux-gnu/libXdmcp.so.6.0.0
7f28224a0000-7f282269f000 ---p 00005000 08:01 21897087                   /usr/lib/x86_64-linux-gnu/libXdmcp.so.6.0.0
7f282269f000-7f28226a0000 r--p 00004000 08:01 21897087                   /usr/lib/x86_64-linux-gnu/libXdmcp.so.6.0.0
7f28226a0000-7f28226a1000 rw-p 00005000 08:01 21897087                   /usr/lib/x86_64-linux-gnu/libXdmcp.so.6.0.0
7f28226a1000-7f28226a3000 r-xp 00000000 08:01 21897076                   /usr/lib/x86_64-linux-gnu/libXau.so.6.0.0
7f28226a3000-7f28228a3000 ---p 00002000 08:01 21897076                   /usr/lib/x86_64-linux-gnu/libXau.so.6.0.0
7f28228a3000-7f28228a4000 r--p 00002000 08:01 21897076                   /usr/lib/x86_64-linux-gnu/libXau.so.6.0.0
7f28228a4000-7f28228a5000 rw-p 00003000 08:01 21897076                   /usr/lib/x86_64-linux-gnu/libXau.so.6.0.0
7f28228a5000-7f28228c2000 r-xp 00000000 08:01 21898196                   /usr/lib/x86_64-linux-gnu/libxcb.so.1.1.0
7f28228c2000-7f2822ac2000 ---p 0001d000 08:01 21898196                   /usr/lib/x86_64-linux-gnu/libxcb.so.1.1.0
7f2822ac2000-7f2822ac3000 r--p 0001d000 08:01 21898196                   /usr/lib/x86_64-linux-gnu/libxcb.so.1.1.0
7f2822ac3000-7f2822ac4000 rw-p 0001e000 08:01 21898196                   /usr/lib/x86_64-linux-gnu/libxcb.so.1.1.0
7f2822ac4000-7f2822bf7000 r-xp 00000000 08:01 21897072                   /usr/lib/x86_64-linux-gnu/libX11.so.6.3.0
7f2822bf7000-7f2822df7000 ---p 00133000 08:01 21897072                   /usr/lib/x86_64-linux-gnu/libX11.so.6.3.0
7f2822df7000-7f2822df8000 r--p 00133000 08:01 21897072                   /usr/lib/x86_64-linux-gnu/libX11.so.6.3.0
7f2822df8000-7f2822dfc000 rw-p 00134000 08:01 21897072                   /usr/lib/x86_64-linux-gnu/libX11.so.6.3.0
7f2822dfc000-7f2822dfd000 rw-p 00000000 00:00 0 
7f2822e06000-7f2822e09000 rw-p 00000000 00:00 0 
7f2822e09000-7f2822e0d000 r--s 00095000 08:01 10369598                   /home/u100466/desenvolvimento/java/jdk1.8.0_51/jre/lib/jsse.jar
7f2822e0d000-7f2822e17000 r--s 00116000 08:01 10369604                   /home/u100466/desenvolvimento/java/jdk1.8.0_51/jre/lib/ext/localedata.jar
7f2822e17000-7f2822e19000 r-xp 00000000 08:01 21889610                   /usr/lib/jayatana/libjayatanaag.so
7f2822e19000-7f2823018000 ---p 00002000 08:01 21889610                   /usr/lib/jayatana/libjayatanaag.so
7f2823018000-7f2823019000 r--p 00001000 08:01 21889610                   /usr/lib/jayatana/libjayatanaag.so
7f2823019000-7f282301a000 rw-p 00002000 08:01 21889610                   /usr/lib/jayatana/libjayatanaag.so
7f282301a000-7f282301b000 r--s 00000000 08:01 22283647                   /usr/share/java/jayatanaag.jar
7f282301b000-7f282301f000 r--s 00042000 08:01 18878250                   /home/u100466/.m2/repository/com/fasterxml/jackson/core/jackson-core/2.8.10/jackson-core-2.8.10.jar
7f282301f000-7f2823022000 r--s 0000b000 08:01 17042009                   /home/u100466/.m2/repository/com/fasterxml/jackson/core/jackson-annotations/2.8.0/jackson-annotations-2.8.0.jar
7f2823022000-7f2823024000 r--s 00014000 08:01 17173500                   /home/u100466/.m2/repository/com/fasterxml/jackson/datatype/jackson-datatype-jsr310/2.8.10/jackson-datatype-jsr310-2.8.10.jar
7f2823024000-7f2823032000 r--s 00085000 08:01 19137502                   /home/u100466/.m2/repository/org/springframework/spring-test/4.3.12.RELEASE/spring-test-4.3.12.RELEASE.jar
7f2823032000-7f2823049000 r--s 000fc000 08:01 19137500                   /home/u100466/.m2/repository/org/springframework/spring-core/4.3.12.RELEASE/spring-core-4.3.12.RELEASE.jar
7f2823049000-7f282304a000 r--s 00004000 08:01 17042029                   /home/u100466/.m2/repository/com/vaadin/external/google/android-json/0.0.20131108.vaadin1/android-json-0.0.20131108.vaadin1.jar
7f282304a000-7f282304c000 r--s 00006000 08:01 17042027                   /home/u100466/.m2/repository/org/skyscreamer/jsonassert/1.4.0/jsonassert-1.4.0.jar
7f282304c000-7f282304d000 r--s 0000c000 08:01 12976846                   /home/u100466/.m2/repository/org/hamcrest/hamcrest-library/1.3/hamcrest-library-1.3.jar
7f282304d000-7f282304f000 r--s 00009000 08:01 12848186                   /home/u100466/.m2/repository/org/hamcrest/hamcrest-core/1.3/hamcrest-core-1.3.jar
7f282304f000-7f2823051000 r--s 00009000 08:01 12848195                   /home/u100466/.m2/repository/org/objenesis/objenesis/2.1/objenesis-2.1.jar
7f2823051000-7f282306d000 r--s 00103000 08:01 12978427                   /home/u100466/.m2/repository/org/mockito/mockito-core/1.10.19/mockito-core-1.10.19.jar
7f282306d000-7f2823081000 r--s 000dc000 08:01 17042025                   /home/u100466/.m2/repository/org/assertj/assertj-core/2.6.0/assertj-core-2.6.0.jar
7f2823081000-7f2823089000 r--s 00045000 08:01 12977183                   /home/u100466/.m2/repository/junit/junit/4.12/junit-4.12.jar
7f2823089000-7f282308a000 r--s 0000c000 08:01 15077520                   /home/u100466/.m2/repository/org/ow2/asm/asm/5.0.3/asm-5.0.3.jar
7f282308a000-7f282308c000 r--s 00012000 08:01 15077517                   /home/u100466/.m2/repository/net/minidev/accessors-smart/1.1/accessors-smart-1.1.jar
7f282308c000-7f282308f000 r--s 0001b000 08:01 15077514                   /home/u100466/.m2/repository/net/minidev/json-smart/2.2.1/json-smart-2.2.1.jar
7f282308f000-7f2823094000 r--s 0002e000 08:01 15077511                   /home/u100466/.m2/repository/com/jayway/jsonpath/json-path/2.2.0/json-path-2.2.0.jar
7f2823094000-7f2823099000 r--s 00019000 08:01 19137498                   /home/u100466/.m2/repository/org/springframework/boot/spring-boot-test-autoconfigure/1.5.8.RELEASE/spring-boot-test-autoconfigure-1.5.8.RELEASE.jar
7f2823099000-7f282309d000 r--s 00020000 08:01 19137496                   /home/u100466/.m2/repository/org/springframework/boot/spring-boot-test/1.5.8.RELEASE/spring-boot-test-1.5.8.RELEASE.jar
7f282309d000-7f282309e000 r--s 00000000 08:01 19137494                   /home/u100466/.m2/repository/org/springframework/boot/spring-boot-starter-test/1.5.8.RELEASE/spring-boot-starter-test-1.5.8.RELEASE.jar
7f282309e000-7f28230ad000 r--s 001ae000 08:01 18878256                   /home/u100466/.m2/repository/com/h2database/h2/1.4.196/h2-1.4.196.jar
7f28230ad000-7f28230b2000 r--s 0003c000 08:01 19137492                   /home/u100466/.m2/repository/org/springframework/spring-expression/4.3.12.RELEASE/spring-expression-4.3.12.RELEASE.jar
7f28230b2000-7f28230c3000 r--s 000cf000 08:01 19137490                   /home/u100466/.m2/repository/org/springframework/spring-webmvc/4.3.12.RELEASE/spring-webmvc-4.3.12.RELEASE.jar
7f28230c3000-7f28230d4000 r--s 000b8000 08:01 19137488                   /home/u100466/.m2/repository/org/springframework/spring-web/4.3.12.RELEASE/spring-web-4.3.12.RELEASE.jar
7f28230d4000-7f28230e6000 r--s 0011e000 08:01 18878248                   /home/u100466/.m2/repository/com/fasterxml/jackson/core/jackson-databind/2.8.10/jackson-databind-2.8.10.jar
7f28230e6000-7f28230e8000 r--s 0000e000 08:01 18878246                   /home/u100466/.m2/repository/com/fasterxml/classmate/1.3.4/classmate-1.3.4.jar
7f28230e8000-7f28230ec000 r--s 0000c000 08:01 12976780                   /home/u100466/.m2/repository/javax/validation/validation-api/1.1.0.Final/validation-api-1.1.0.Final.jar
7f28230ec000-7f28230fd000 r--s 000a1000 08:01 18351603                   /home/u100466/.m2/repository/org/hibernate/hibernate-validator/5.3.5.Final/hibernate-validator-5.3.5.Final.jar
7f28230fd000-7f2823102000 r--s 00038000 08:01 19137486                   /home/u100466/.m2/repository/org/apache/tomcat/embed/tomcat-embed-websocket/8.5.23/tomcat-embed-websocket-8.5.23.jar
7f2823102000-7f2823106000 r--s 00037000 08:01 19137484                   /home/u100466/.m2/repository/org/apache/tomcat/embed/tomcat-embed-el/8.5.23/tomcat-embed-el-8.5.23.jar
7f2823106000-7f2823108000 r--s 00003000 08:01 19137482                   /home/u100466/.m2/repository/org/apache/tomcat/tomcat-annotations-api/8.5.23/tomcat-annotations-api-8.5.23.jar
7f2823108000-7f2823131000 r--s 002c7000 08:01 19137480                   /home/u100466/.m2/repository/org/apache/tomcat/embed/tomcat-embed-core/8.5.23/tomcat-embed-core-8.5.23.jar
7f2823131000-7f2823132000 r--s 00000000 08:01 19137478                   /home/u100466/.m2/repository/org/springframework/boot/spring-boot-starter-tomcat/1.5.8.RELEASE/spring-boot-starter-tomcat-1.5.8.RELEASE.jar
7f2823132000-7f2823133000 r--s 00000000 08:01 19137476                   /home/u100466/.m2/repository/org/springframework/boot/spring-boot-starter-web/1.5.8.RELEASE/spring-boot-starter-web-1.5.8.RELEASE.jar
7f2823133000-7f2823134000 r--s 00004000 08:01 14157653                   /home/u100466/.m2/repository/org/springframework/plugin/spring-plugin-core/1.2.0.RELEASE/spring-plugin-core-1.2.0.RELEASE.jar
7f2823134000-7f2823139000 r--s 0002d000 08:01 17171482                   /home/u100466/.m2/repository/org/springframework/hateoas/spring-hateoas/0.23.0.RELEASE/spring-hateoas-0.23.0.RELEASE.jar
7f2823139000-7f282313a000 r--s 00000000 08:01 19137474                   /home/u100466/.m2/repository/org/springframework/boot/spring-boot-starter-hateoas/1.5.8.RELEASE/spring-boot-starter-hateoas-1.5.8.RELEASE.jar
7f282313a000-7f282313d000 r--s 0000c000 08:01 19137472                   /home/u100466/.m2/repository/org/springframework/spring-aspects/4.3.12.RELEASE/spring-aspects-4.3.12.RELEASE.jar
7f282313d000-7f282314b000 r--s 000ad000 08:01 19137470                   /home/u100466/.m2/repository/org/springframework/spring-beans/4.3.12.RELEASE/spring-beans-4.3.12.RELEASE.jar
7f282314b000-7f2823153000 r--s 0003a000 08:01 19137468                   /home/u100466/.m2/repository/org/springframework/spring-tx/4.3.12.RELEASE/spring-tx-4.3.12.RELEASE.jar
7f2823153000-7f282316c000 r--s 000fe000 08:01 19137466                   /home/u100466/.m2/repository/org/springframework/spring-context/4.3.12.RELEASE/spring-context-4.3.12.RELEASE.jar
7f282316c000-7f2823176000 r--s 0006b000 08:01 19137463                   /home/u100466/.m2/repository/org/springframework/spring-orm/4.3.12.RELEASE/spring-orm-4.3.12.RELEASE.jar
7f2823176000-7f2823189000 r--s 000ad000 08:01 19137461                   /home/u100466/.m2/repository/org/springframework/data/spring-data-commons/1.13.8.RELEASE/spring-data-commons-1.13.8.RELEASE.jar
7f2823189000-7f28231f2000 r--s 004f3000 08:01 14555906                   /home/u100466/.m2/repository/org/hibernate/hibernate-core/5.0.12.Final/hibernate-core-5.0.12.Final.jar
7f28231f2000-7f28231f5000 ---p 00000000 00:00 0 
7f28231f5000-7f28232f3000 rw-p 00000000 00:00 0                          [stack:15543]
7f28232f3000-7f28232f6000 ---p 00000000 00:00 0 
7f28232f6000-7f28233f4000 rw-p 00000000 00:00 0                          [stack:15542]
7f28233f4000-7f28233f7000 ---p 00000000 00:00 0 
7f28233f7000-7f28234f5000 rw-p 00000000 00:00 0                          [stack:15541]
7f28234f5000-7f28234f6000 ---p 00000000 00:00 0 
7f28234f6000-7f2824000000 rw-p 00000000 00:00 0                          [stack:15540]
7f2824000000-7f2824021000 rw-p 00000000 00:00 0 
7f2824021000-7f2828000000 ---p 00000000 00:00 0 
7f2828000000-7f2828002000 r--s 00003000 08:01 18351583                   /home/u100466/.m2/repository/org/slf4j/jcl-over-slf4j/1.7.25/jcl-over-slf4j-1.7.25.jar
7f2828002000-7f2828004000 r--s 00009000 08:01 18351581                   /home/u100466/.m2/repository/org/slf4j/slf4j-api/1.7.25/slf4j-api-1.7.25.jar
7f2828004000-7f282800b000 r--s 00041000 08:01 19137459                   /home/u100466/.m2/repository/org/springframework/data/spring-data-jpa/1.11.8.RELEASE/spring-data-jpa-1.11.8.RELEASE.jar
7f282800b000-7f282800d000 r--s 00006000 08:01 12978169                   /home/u100466/.m2/repository/javax/transaction/javax.transaction-api/1.2/javax.transaction-api-1.2.jar
7f282800d000-7f282801a000 r--s 00089000 08:01 14555909                   /home/u100466/.m2/repository/org/hibernate/hibernate-entitymanager/5.0.12.Final/hibernate-entitymanager-5.0.12.Final.jar
7f282801a000-7f282801d000 r--s 00010000 08:01 12979517                   /home/u100466/.m2/repository/org/hibernate/common/hibernate-commons-annotations/5.0.1.Final/hibernate-commons-annotations-5.0.1.Final.jar
7f282801d000-7f2828022000 r--s 00048000 08:01 12847413                   /home/u100466/.m2/repository/dom4j/dom4j/1.6.1/dom4j-1.6.1.jar
7f2828022000-7f2828025000 r--s 0002b000 08:01 12979511                   /home/u100466/.m2/repository/org/jboss/jandex/2.0.0.Final/jandex-2.0.0.Final.jar
7f2828025000-7f282802a000 r--s 00068000 08:01 12847409                   /home/u100466/.m2/repository/antlr/antlr/2.7.7/antlr-2.7.7.jar
7f282802a000-7f2828034000 r--s 000aa000 08:01 17170945                   /home/u100466/.m2/repository/org/javassist/javassist/3.21.0-GA/javassist-3.21.0-GA.jar
7f2828034000-7f282803e000 r--s 0005f000 08:01 19137457                   /home/u100466/.m2/repository/org/springframework/spring-jdbc/4.3.12.RELEASE/spring-jdbc-4.3.12.RELEASE.jar
7f282803e000-7f282c000000 rw-p 00000000 00:00 0 
7f282c000000-7f282c021000 rw-p 00000000 00:00 0 
7f282c021000-7f2830000000 ---p 00000000 00:00 0 
7f2830000000-7f2830005000 r--s 00017000 08:01 12848261                   /home/u100466/.m2/repository/org/hibernate/javax/persistence/hibernate-jpa-2.1-api/1.0.0.Final/hibernate-jpa-2.1-api-1.0.0.Final.jar
7f2830005000-7f2830008000 r--s 0000e000 08:01 18351605                   /home/u100466/.m2/repository/org/jboss/logging/jboss-logging/3.3.1.Final/jboss-logging-3.3.1.Final.jar
7f2830008000-7f2830009000 r--s 0000b000 08:01 19137455                   /home/u100466/.m2/repository/org/apache/tomcat/tomcat-juli/8.5.23/tomcat-juli-8.5.23.jar
7f2830009000-7f2830021000 r--s 001bf000 08:01 19137449                   /home/u100466/.m2/repository/org/aspectj/aspectjweaver/1.8.11/aspectjweaver-1.8.11.jar
7f2830021000-7f283002a000 r--s 00054000 08:01 19137447                   /home/u100466/.m2/repository/org/springframework/spring-aop/4.3.12.RELEASE/spring-aop-4.3.12.RELEASE.jar
7f283002a000-7f283004a000 r--s 000e6000 08:01 19137441                   /home/u100466/.m2/repository/org/springframework/boot/spring-boot-autoconfigure/1.5.8.RELEASE/spring-boot-autoconfigure-1.5.8.RELEASE.jar
7f283004a000-7f283024c000 rw-p 00000000 00:00 0 
7f283024c000-7f2830424000 r--s 03d0c000 08:01 10369594                   /home/u100466/desenvolvimento/java/jdk1.8.0_51/jre/lib/rt.jar
7f2830424000-7f2831000000 rw-p 00000000 00:00 0 
7f2831000000-7f2831dc0000 rwxp 00000000 00:00 0 
7f2831dc0000-7f2840000000 ---p 00000000 00:00 0 
7f2840000000-7f2842511000 rw-p 00000000 00:00 0 
7f2842511000-7f2844000000 ---p 00000000 00:00 0 
7f2844000000-7f2844003000 r--s 00021000 08:01 19137453                   /home/u100466/.m2/repository/org/apache/tomcat/tomcat-jdbc/8.5.23/tomcat-jdbc-8.5.23.jar
7f2844003000-7f284400e000 r--s 0006a000 08:01 14289721                   /home/u100466/.m2/repository/ch/qos/logback/logback-core/1.1.11/logback-core-1.1.11.jar
7f284400e000-7f284401e000 r--s 00095000 08:01 19137439                   /home/u100466/.m2/repository/org/springframework/boot/spring-boot/1.5.8.RELEASE/spring-boot-1.5.8.RELEASE.jar
7f284401e000-7f2844195000 rw-p 00000000 00:00 0 
7f2844195000-7f2844196000 ---p 00000000 00:00 0 
7f2844196000-7f2844296000 rw-p 00000000 00:00 0                          [stack:15539]
7f2844296000-7f2844297000 ---p 00000000 00:00 0 
7f2844297000-7f2844397000 rw-p 00000000 00:00 0                          [stack:15538]
7f2844397000-7f2844398000 ---p 00000000 00:00 0 
7f2844398000-7f2844498000 rw-p 00000000 00:00 0                          [stack:15537]
7f2844498000-7f2844499000 ---p 00000000 00:00 0 
7f2844499000-7f28445c8000 rw-p 00000000 00:00 0                          [stack:15536]
7f28445c8000-7f284482c000 ---p 00000000 00:00 0 
7f284482c000-7f284485b000 rw-p 00000000 00:00 0 
7f284485b000-7f2844abe000 ---p 00000000 00:00 0 
7f2844abe000-7f2844b20000 rw-p 00000000 00:00 0 
7f2844b20000-7f2844c08000 ---p 00000000 00:00 0 
7f2844c08000-7f2844c40000 rw-p 00000000 00:00 0 
7f2844c40000-7f2844fc9000 ---p 00000000 00:00 0 
7f2844fc9000-7f2844fe3000 r-xp 00000000 08:01 10369543                   /home/u100466/desenvolvimento/java/jdk1.8.0_51/jre/lib/amd64/libzip.so
7f2844fe3000-7f28451e3000 ---p 0001a000 08:01 10369543                   /home/u100466/desenvolvimento/java/jdk1.8.0_51/jre/lib/amd64/libzip.so
7f28451e3000-7f28451e4000 rw-p 0001a000 08:01 10369543                   /home/u100466/desenvolvimento/java/jdk1.8.0_51/jre/lib/amd64/libzip.so
7f28451e4000-7f28451f0000 r-xp 00000000 08:01 29360195                   /lib/x86_64-linux-gnu/libnss_files-2.21.so
7f28451f0000-7f28453ef000 ---p 0000c000 08:01 29360195                   /lib/x86_64-linux-gnu/libnss_files-2.21.so
7f28453ef000-7f28453f0000 r--p 0000b000 08:01 29360195                   /lib/x86_64-linux-gnu/libnss_files-2.21.so
7f28453f0000-7f28453f1000 rw-p 0000c000 08:01 29360195                   /lib/x86_64-linux-gnu/libnss_files-2.21.so
7f28453f1000-7f28453fc000 r-xp 00000000 08:01 29360183                   /lib/x86_64-linux-gnu/libnss_nis-2.21.so
7f28453fc000-7f28455fb000 ---p 0000b000 08:01 29360183                   /lib/x86_64-linux-gnu/libnss_nis-2.21.so
7f28455fb000-7f28455fc000 r--p 0000a000 08:01 29360183                   /lib/x86_64-linux-gnu/libnss_nis-2.21.so
7f28455fc000-7f28455fd000 rw-p 0000b000 08:01 29360183                   /lib/x86_64-linux-gnu/libnss_nis-2.21.so
7f28455fd000-7f2845614000 r-xp 00000000 08:01 29360201                   /lib/x86_64-linux-gnu/libnsl-2.21.so
7f2845614000-7f2845813000 ---p 00017000 08:01 29360201                   /lib/x86_64-linux-gnu/libnsl-2.21.so
7f2845813000-7f2845814000 r--p 00016000 08:01 29360201                   /lib/x86_64-linux-gnu/libnsl-2.21.so
7f2845814000-7f2845815000 rw-p 00017000 08:01 29360201                   /lib/x86_64-linux-gnu/libnsl-2.21.so
7f2845815000-7f2845817000 rw-p 00000000 00:00 0 
7f2845817000-7f284581f000 r-xp 00000000 08:01 29360197                   /lib/x86_64-linux-gnu/libnss_compat-2.21.so
7f284581f000-7f2845a1e000 ---p 00008000 08:01 29360197                   /lib/x86_64-linux-gnu/libnss_compat-2.21.so
7f2845a1e000-7f2845a1f000 r--p 00007000 08:01 29360197                   /lib/x86_64-linux-gnu/libnss_compat-2.21.so
7f2845a1f000-7f2845a20000 rw-p 00008000 08:01 29360197                   /lib/x86_64-linux-gnu/libnss_compat-2.21.so
7f2845a20000-7f2845cea000 r--p 00000000 08:01 21890775                   /usr/lib/locale/locale-archive
7f2845cea000-7f2845cec000 r-xp 00000000 08:01 10369525                   /home/u100466/desenvolvimento/java/jdk1.8.0_51/jre/lib/amd64/libnpt.so
7f2845cec000-7f2845eec000 ---p 00002000 08:01 10369525                   /home/u100466/desenvolvimento/java/jdk1.8.0_51/jre/lib/amd64/libnpt.so
7f2845eec000-7f2845eed000 rw-p 00002000 08:01 10369525                   /home/u100466/desenvolvimento/java/jdk1.8.0_51/jre/lib/amd64/libnpt.so
7f2845eed000-7f2845f26000 r-xp 00000000 08:01 10369532                   /home/u100466/desenvolvimento/java/jdk1.8.0_51/jre/lib/amd64/libjdwp.so
7f2845f26000-7f2846125000 ---p 00039000 08:01 10369532                   /home/u100466/desenvolvimento/java/jdk1.8.0_51/jre/lib/amd64/libjdwp.so
7f2846125000-7f2846127000 rw-p 00038000 08:01 10369532                   /home/u100466/desenvolvimento/java/jdk1.8.0_51/jre/lib/amd64/libjdwp.so
7f2846127000-7f2846131000 r-xp 00000000 08:01 10369550                   /home/u100466/desenvolvimento/java/jdk1.8.0_51/jre/lib/amd64/libinstrument.so
7f2846131000-7f2846330000 ---p 0000a000 08:01 10369550                   /home/u100466/desenvolvimento/java/jdk1.8.0_51/jre/lib/amd64/libinstrument.so
7f2846330000-7f2846331000 rw-p 00009000 08:01 10369550                   /home/u100466/desenvolvimento/java/jdk1.8.0_51/jre/lib/amd64/libinstrument.so
7f2846331000-7f284635b000 r-xp 00000000 08:01 10369521                   /home/u100466/desenvolvimento/java/jdk1.8.0_51/jre/lib/amd64/libjava.so
7f284635b000-7f284655b000 ---p 0002a000 08:01 10369521                   /home/u100466/desenvolvimento/java/jdk1.8.0_51/jre/lib/amd64/libjava.so
7f284655b000-7f284655d000 rw-p 0002a000 08:01 10369521                   /home/u100466/desenvolvimento/java/jdk1.8.0_51/jre/lib/amd64/libjava.so
7f284655d000-7f284656a000 r-xp 00000000 08:01 10369537                   /home/u100466/desenvolvimento/java/jdk1.8.0_51/jre/lib/amd64/libverify.so
7f284656a000-7f284676a000 ---p 0000d000 08:01 10369537                   /home/u100466/desenvolvimento/java/jdk1.8.0_51/jre/lib/amd64/libverify.so
7f284676a000-7f284676c000 rw-p 0000d000 08:01 10369537                   /home/u100466/desenvolvimento/java/jdk1.8.0_51/jre/lib/amd64/libverify.so
7f284676c000-7f2846773000 r-xp 00000000 08:01 29360202                   /lib/x86_64-linux-gnu/librt-2.21.so
7f2846773000-7f2846972000 ---p 00007000 08:01 29360202                   /lib/x86_64-linux-gnu/librt-2.21.so
7f2846972000-7f2846973000 r--p 00006000 08:01 29360202                   /lib/x86_64-linux-gnu/librt-2.21.so
7f2846973000-7f2846974000 rw-p 00007000 08:01 29360202                   /lib/x86_64-linux-gnu/librt-2.21.so
7f2846974000-7f2846a7b000 r-xp 00000000 08:01 29360200                   /lib/x86_64-linux-gnu/libm-2.21.so
7f2846a7b000-7f2846c7a000 ---p 00107000 08:01 29360200                   /lib/x86_64-linux-gnu/libm-2.21.so
7f2846c7a000-7f2846c7b000 r--p 00106000 08:01 29360200                   /lib/x86_64-linux-gnu/libm-2.21.so
7f2846c7b000-7f2846c7c000 rw-p 00107000 08:01 29360200                   /lib/x86_64-linux-gnu/libm-2.21.so
7f2846c7c000-7f284792a000 r-xp 00000000 08:01 10369559                   /home/u100466/desenvolvimento/java/jdk1.8.0_51/jre/lib/amd64/server/libjvm.so
7f284792a000-7f2847b2a000 ---p 00cae000 08:01 10369559                   /home/u100466/desenvolvimento/java/jdk1.8.0_51/jre/lib/amd64/server/libjvm.so
7f2847b2a000-7f2847c01000 rw-p 00cae000 08:01 10369559                   /home/u100466/desenvolvimento/java/jdk1.8.0_51/jre/lib/amd64/server/libjvm.so
7f2847c01000-7f2847c45000 rw-p 00000000 00:00 0 
7f2847c45000-7f2847e05000 r-xp 00000000 08:01 29360205                   /lib/x86_64-linux-gnu/libc-2.21.so
7f2847e05000-7f2848005000 ---p 001c0000 08:01 29360205                   /lib/x86_64-linux-gnu/libc-2.21.so
7f2848005000-7f2848009000 r--p 001c0000 08:01 29360205                   /lib/x86_64-linux-gnu/libc-2.21.so
7f2848009000-7f284800b000 rw-p 001c4000 08:01 29360205                   /lib/x86_64-linux-gnu/libc-2.21.so
7f284800b000-7f284800f000 rw-p 00000000 00:00 0 
7f284800f000-7f2848012000 r-xp 00000000 08:01 29360188                   /lib/x86_64-linux-gnu/libdl-2.21.so
7f2848012000-7f2848211000 ---p 00003000 08:01 29360188                   /lib/x86_64-linux-gnu/libdl-2.21.so
7f2848211000-7f2848212000 r--p 00002000 08:01 29360188                   /lib/x86_64-linux-gnu/libdl-2.21.so
7f2848212000-7f2848213000 rw-p 00003000 08:01 29360188                   /lib/x86_64-linux-gnu/libdl-2.21.so
7f2848213000-7f2848228000 r-xp 00000000 08:01 10368276                   /home/u100466/desenvolvimento/java/jdk1.8.0_51/lib/amd64/jli/libjli.so
7f2848228000-7f2848428000 ---p 00015000 08:01 10368276                   /home/u100466/desenvolvimento/java/jdk1.8.0_51/lib/amd64/jli/libjli.so
7f2848428000-7f2848429000 rw-p 00015000 08:01 10368276                   /home/u100466/desenvolvimento/java/jdk1.8.0_51/lib/amd64/jli/libjli.so
7f2848429000-7f2848441000 r-xp 00000000 08:01 29360192                   /lib/x86_64-linux-gnu/libpthread-2.21.so
7f2848441000-7f2848641000 ---p 00018000 08:01 29360192                   /lib/x86_64-linux-gnu/libpthread-2.21.so
7f2848641000-7f2848642000 r--p 00018000 08:01 29360192                   /lib/x86_64-linux-gnu/libpthread-2.21.so
7f2848642000-7f2848643000 rw-p 00019000 08:01 29360192                   /lib/x86_64-linux-gnu/libpthread-2.21.so
7f2848643000-7f2848647000 rw-p 00000000 00:00 0 
7f2848647000-7f284866b000 r-xp 00000000 08:01 29360191                   /lib/x86_64-linux-gnu/ld-2.21.so
7f284866b000-7f2848671000 r--s 0003d000 08:01 14685321                   /home/u100466/.m2/repository/org/yaml/snakeyaml/1.17/snakeyaml-1.17.jar
7f2848671000-7f2848678000 r--s 00045000 08:01 14289718                   /home/u100466/.m2/repository/ch/qos/logback/logback-classic/1.1.11/logback-classic-1.1.11.jar
7f2848678000-7f2848749000 rw-p 00000000 00:00 0 
7f2848749000-7f284874c000 ---p 00000000 00:00 0 
7f284874c000-7f284884e000 rw-p 00000000 00:00 0                          [stack:15534]
7f284884e000-7f284884f000 r--s 00000000 08:01 19137451                   /home/u100466/.m2/repository/org/springframework/boot/spring-boot-starter-jdbc/1.5.8.RELEASE/spring-boot-starter-jdbc-1.5.8.RELEASE.jar
7f284884f000-7f2848850000 r--s 00000000 08:01 19137445                   /home/u100466/.m2/repository/org/springframework/boot/spring-boot-starter-aop/1.5.8.RELEASE/spring-boot-starter-aop-1.5.8.RELEASE.jar
7f2848850000-7f2848852000 r--s 00004000 08:01 18351567                   /home/u100466/.m2/repository/org/slf4j/log4j-over-slf4j/1.7.25/log4j-over-slf4j-1.7.25.jar
7f2848852000-7f2848854000 r--s 00000000 08:01 18351565                   /home/u100466/.m2/repository/org/slf4j/jul-to-slf4j/1.7.25/jul-to-slf4j-1.7.25.jar
7f2848854000-7f2848855000 r--s 00000000 08:01 19137443                   /home/u100466/.m2/repository/org/springframework/boot/spring-boot-starter-logging/1.5.8.RELEASE/spring-boot-starter-logging-1.5.8.RELEASE.jar
7f2848855000-7f2848856000 r--s 00000000 08:01 19137437                   /home/u100466/.m2/repository/org/springframework/boot/spring-boot-starter/1.5.8.RELEASE/spring-boot-starter-1.5.8.RELEASE.jar
7f2848856000-7f2848857000 r--s 00000000 08:01 19137435                   /home/u100466/.m2/repository/org/springframework/boot/spring-boot-starter-data-jpa/1.5.8.RELEASE/spring-boot-starter-data-jpa-1.5.8.RELEASE.jar
7f2848857000-7f284885f000 rw-s 00000000 08:01 4202531                    /tmp/hsperfdata_u100466/15528
7f284885f000-7f2848866000 r--s 00000000 08:01 22159545                   /usr/lib/x86_64-linux-gnu/gconv/gconv-modules.cache
7f2848866000-7f2848867000 rw-p 00000000 00:00 0 
7f2848867000-7f2848868000 r--p 00000000 00:00 0 
7f2848868000-7f284886a000 rw-p 00000000 00:00 0 
7f284886a000-7f284886b000 r--p 00023000 08:01 29360191                   /lib/x86_64-linux-gnu/ld-2.21.so
7f284886b000-7f284886c000 rw-p 00024000 08:01 29360191                   /lib/x86_64-linux-gnu/ld-2.21.so
7f284886c000-7f284886d000 rw-p 00000000 00:00 0 
7ffc43921000-7ffc43944000 rw-p 00000000 00:00 0                          [stack]
7ffc43958000-7ffc4395a000 r--p 00000000 00:00 0                          [vvar]
7ffc4395a000-7ffc4395c000 r-xp 00000000 00:00 0                          [vdso]
ffffffffff600000-ffffffffff601000 r-xp 00000000 00:00 0                  [vsyscall]

VM Arguments:
jvm_args: -javaagent:/usr/share/java/jayatanaag.jar -agentlib:jdwp=transport=dt_socket,suspend=y,address=localhost:44959 -ea -Dfile.encoding=UTF-8 
java_command: org.eclipse.jdt.internal.junit.runner.RemoteTestRunner -version 3 -port 38190 -testLoaderClass org.eclipse.jdt.internal.junit4.runner.JUnit4TestLoader -loaderpluginname org.eclipse.jdt.junit4.runtime -classNames com.eloi.campanhas.CampanhasApplicationTests
java_class_path (initial): /home/u100466/desenvolvimento/campa/campanhas/target/test-classes:/home/u100466/desenvolvimento/campa/campanhas/target/classes:/home/u100466/.m2/repository/org/springframework/boot/spring-boot-starter-data-jpa/1.5.8.RELEASE/spring-boot-starter-data-jpa-1.5.8.RELEASE.jar:/home/u100466/.m2/repository/org/springframework/boot/spring-boot-starter/1.5.8.RELEASE/spring-boot-starter-1.5.8.RELEASE.jar:/home/u100466/.m2/repository/org/springframework/boot/spring-boot/1.5.8.RELEASE/spring-boot-1.5.8.RELEASE.jar:/home/u100466/.m2/repository/org/springframework/boot/spring-boot-autoconfigure/1.5.8.RELEASE/spring-boot-autoconfigure-1.5.8.RELEASE.jar:/home/u100466/.m2/repository/org/springframework/boot/spring-boot-starter-logging/1.5.8.RELEASE/spring-boot-starter-logging-1.5.8.RELEASE.jar:/home/u100466/.m2/repository/ch/qos/logback/logback-classic/1.1.11/logback-classic-1.1.11.jar:/home/u100466/.m2/repository/ch/qos/logback/logback-core/1.1.11/logback-core-1.1.11.jar:/home/u100466/.m2/repository/org/slf4j/jul-to-slf4j/1.7.25/jul-to-slf4j-1.7.25.jar:/home/u100466/.m2/repository/org/slf4j/log4j-over-slf4j/1.7.25/log4j-over-slf4j-1.7.25.jar:/home/u100466/.m2/repository/org/yaml/snakeyaml/1.17/snakeyaml-1.17.jar:/home/u100466/.m2/repository/org/springframework/boot/spring-boot-starter-aop/1.5.8.RELEASE/spring-boot-starter-aop-1.5.8.RELEASE.jar:/home/u100466/.m2/repository/org/springframework/spring-aop/4.3.12.RELEASE/spring-aop-4.3.12.RELEASE.jar:/home/u100466/.m2/repository/org/aspectj/aspectjweaver/1.8.11/aspectjweaver-1.8.11.jar:/home/u100466/.m2/repository/org/springframework/boot/spring-boot-starter-jdbc/1.5.8.RELEASE/spring-boot-starter-jdbc-1.5.8.RELEASE.jar:/home/u100466/.m2/repository/org/apache/tomcat/tomcat-jdbc/8.5.23/tomcat-jdbc-8.5.23.jar:/home/u100466/.m2/repository/org/apache/tomcat/tomcat-juli/8.5.23/tomcat-juli-8.5.23.jar:/home/u100466/.m2/repository/org/springframework/spring-jdbc/4.3.12.RELEASE/spring-jdbc-4.3.12.RELEASE.jar:/home/u10
Launcher Type: SUN_STANDARD

Environment Variables:
JAVA_TOOL_OPTIONS=-javaagent:/usr/share/java/jayatanaag.jar 
PATH=/usr/local/sbin:/usr/local/bin:/usr/sbin:/usr/bin:/sbin:/bin:/usr/games:/usr/local/games:/home/u100466/.rvm/bin:/home/u100466/.rvm/bin
SHELL=/bin/bash
DISPLAY=:0.0

Signal Handlers:
SIGSEGV: [libjvm.so+0xaad540], sa_mask[0]=11111111011111111101111111111110, sa_flags=SA_RESTART|SA_SIGINFO
SIGBUS: [libjvm.so+0xaad540], sa_mask[0]=11111111011111111101111111111110, sa_flags=SA_RESTART|SA_SIGINFO
SIGFPE: [libjvm.so+0x90b6b0], sa_mask[0]=11111111011111111101111111111110, sa_flags=SA_RESTART|SA_SIGINFO
SIGPIPE: [libjvm.so+0x90b6b0], sa_mask[0]=11111111011111111101111111111110, sa_flags=SA_RESTART|SA_SIGINFO
SIGXFSZ: [libjvm.so+0x90b6b0], sa_mask[0]=11111111011111111101111111111110, sa_flags=SA_RESTART|SA_SIGINFO
SIGILL: [libjvm.so+0x90b6b0], sa_mask[0]=11111111011111111101111111111110, sa_flags=SA_RESTART|SA_SIGINFO
SIGUSR1: SIG_DFL, sa_mask[0]=00000000000000000000000000000000, sa_flags=none
SIGUSR2: [libjvm.so+0x90ccf0], sa_mask[0]=00100000000000000000000000000000, sa_flags=SA_RESTART|SA_SIGINFO
SIGHUP: [libjvm.so+0x90e040], sa_mask[0]=11111111011111111101111111111110, sa_flags=SA_RESTART|SA_SIGINFO
SIGINT: [libjvm.so+0x90e040], sa_mask[0]=11111111011111111101111111111110, sa_flags=SA_RESTART|SA_SIGINFO
SIGTERM: [libjvm.so+0x90e040], sa_mask[0]=11111111011111111101111111111110, sa_flags=SA_RESTART|SA_SIGINFO
SIGQUIT: [libjvm.so+0x90e040], sa_mask[0]=11111111011111111101111111111110, sa_flags=SA_RESTART|SA_SIGINFO


---------------  S Y S T E M  ---------------

OS:DISTRIB_ID=Ubuntu
DISTRIB_RELEASE=15.04
DISTRIB_CODENAME=vivid
DISTRIB_DESCRIPTION="Ubuntu 15.04"

uname:Linux 3.19.0-26-generic #28-Ubuntu SMP Tue Aug 11 14:16:32 UTC 2015 x86_64
libc:glibc 2.21 NPTL 2.21 
rlimit: STACK 8192k, CORE 0k, NPROC 31499, NOFILE 65536, AS infinity
load average:0.34 0.19 0.20

/proc/meminfo:
MemTotal:        8086252 kB
MemFree:          434604 kB
MemAvailable:     568712 kB
Buffers:           25360 kB
Cached:           896420 kB
SwapCached:        88904 kB
Active:          5965536 kB
Inactive:        1398564 kB
Active(anon):    5790156 kB
Inactive(anon):  1299896 kB
Active(file):     175380 kB
Inactive(file):    98668 kB
Unevictable:        2028 kB
Mlocked:            2028 kB
SwapTotal:       8297468 kB
SwapFree:        5139984 kB
Dirty:               312 kB
Writeback:             0 kB
AnonPages:       6399532 kB
Mapped:           571084 kB
Shmem:            647648 kB
Slab:             110504 kB
SReclaimable:      58008 kB
SUnreclaim:        52496 kB
KernelStack:       18672 kB
PageTables:        87472 kB
NFS_Unstable:          0 kB
Bounce:                0 kB
WritebackTmp:          0 kB
CommitLimit:    12340592 kB
Committed_AS:   17493160 kB
VmallocTotal:   34359738367 kB
VmallocUsed:      557408 kB
VmallocChunk:   34359174232 kB
HardwareCorrupted:     0 kB
AnonHugePages:   2658304 kB
CmaTotal:              0 kB
CmaFree:               0 kB
HugePages_Total:       0
HugePages_Free:        0
HugePages_Rsvd:        0
HugePages_Surp:        0
Hugepagesize:       2048 kB
DirectMap4k:      291864 kB
DirectMap2M:     8007680 kB


CPU:total 4 (4 cores per cpu, 1 threads per core) family 6 model 42 stepping 7, cmov, cx8, fxsr, mmx, sse, sse2, sse3, ssse3, sse4.1, sse4.2, popcnt, avx, aes, clmul, tsc, tscinvbit

/proc/cpuinfo:
processor	: 0
vendor_id	: GenuineIntel
cpu family	: 6
model		: 42
model name	: Intel(R) Core(TM) i5-2400 CPU @ 3.10GHz
stepping	: 7
microcode	: 0x1a
cpu MHz		: 3243.375
cache size	: 6144 KB
physical id	: 0
siblings	: 4
core id		: 0
cpu cores	: 4
apicid		: 0
initial apicid	: 0
fpu		: yes
fpu_exception	: yes
cpuid level	: 13
wp		: yes
flags		: fpu vme de pse tsc msr pae mce cx8 apic sep mtrr pge mca cmov pat pse36 clflush dts acpi mmx fxsr sse sse2 ss ht tm pbe syscall nx rdtscp lm constant_tsc arch_perfmon pebs bts rep_good nopl xtopology nonstop_tsc aperfmperf eagerfpu pni pclmulqdq dtes64 monitor ds_cpl vmx smx est tm2 ssse3 cx16 xtpr pdcm pcid sse4_1 sse4_2 x2apic popcnt tsc_deadline_timer aes xsave avx lahf_lm ida arat epb pln pts dtherm tpr_shadow vnmi flexpriority ept vpid xsaveopt
bugs		:
bogomips	: 6185.90
clflush size	: 64
cache_alignment	: 64
address sizes	: 36 bits physical, 48 bits virtual
power management:

processor	: 1
vendor_id	: GenuineIntel
cpu family	: 6
model		: 42
model name	: Intel(R) Core(TM) i5-2400 CPU @ 3.10GHz
stepping	: 7
microcode	: 0x1a
cpu MHz		: 3212.132
cache size	: 6144 KB
physical id	: 0
siblings	: 4
core id		: 1
cpu cores	: 4
apicid		: 2
initial apicid	: 2
fpu		: yes
fpu_exception	: yes
cpuid level	: 13
wp		: yes
flags		: fpu vme de pse tsc msr pae mce cx8 apic sep mtrr pge mca cmov pat pse36 clflush dts acpi mmx fxsr sse sse2 ss ht tm pbe syscall nx rdtscp lm constant_tsc arch_perfmon pebs bts rep_good nopl xtopology nonstop_tsc aperfmperf eagerfpu pni pclmulqdq dtes64 monitor ds_cpl vmx smx est tm2 ssse3 cx16 xtpr pdcm pcid sse4_1 sse4_2 x2apic popcnt tsc_deadline_timer aes xsave avx lahf_lm ida arat epb pln pts dtherm tpr_shadow vnmi flexpriority ept vpid xsaveopt
bugs		:
bogomips	: 6185.90
clflush size	: 64
cache_alignment	: 64
address sizes	: 36 bits physical, 48 bits virtual
power management:

processor	: 2
vendor_id	: GenuineIntel
cpu family	: 6
model		: 42
model name	: Intel(R) Core(TM) i5-2400 CPU @ 3.10GHz
stepping	: 7
microcode	: 0x1a
cpu MHz		: 3257.664
cache size	: 6144 KB
physical id	: 0
siblings	: 4
core id		: 2
cpu cores	: 4
apicid		: 4
initial apicid	: 4
fpu		: yes
fpu_exception	: yes
cpuid level	: 13
wp		: yes
flags		: fpu vme de pse tsc msr pae mce cx8 apic sep mtrr pge mca cmov pat pse36 clflush dts acpi mmx fxsr sse sse2 ss ht tm pbe syscall nx rdtscp lm constant_tsc arch_perfmon pebs bts rep_good nopl xtopology nonstop_tsc aperfmperf eagerfpu pni pclmulqdq dtes64 monitor ds_cpl vmx smx est tm2 ssse3 cx16 xtpr pdcm pcid sse4_1 sse4_2 x2apic popcnt tsc_deadline_timer aes xsave avx lahf_lm ida arat epb pln pts dtherm tpr_shadow vnmi flexpriority ept vpid xsaveopt
bugs		:
bogomips	: 6185.90
clflush size	: 64
cache_alignment	: 64
address sizes	: 36 bits physical, 48 bits virtual
power management:

processor	: 3
vendor_id	: GenuineIntel
cpu family	: 6
model		: 42
model name	: Intel(R) Core(TM) i5-2400 CPU @ 3.10GHz
stepping	: 7
microcode	: 0x1a
cpu MHz		: 3262.023
cache size	: 6144 KB
physical id	: 0
siblings	: 4
core id		: 3
cpu cores	: 4
apicid		: 6
initial apicid	: 6
fpu		: yes
fpu_exception	: yes
cpuid level	: 13
wp		: yes
flags		: fpu vme de pse tsc msr pae mce cx8 apic sep mtrr pge mca cmov pat pse36 clflush dts acpi mmx fxsr sse sse2 ss ht tm pbe syscall nx rdtscp lm constant_tsc arch_perfmon pebs bts rep_good nopl xtopology nonstop_tsc aperfmperf eagerfpu pni pclmulqdq dtes64 monitor ds_cpl vmx smx est tm2 ssse3 cx16 xtpr pdcm pcid sse4_1 sse4_2 x2apic popcnt tsc_deadline_timer aes xsave avx lahf_lm ida arat epb pln pts dtherm tpr_shadow vnmi flexpriority ept vpid xsaveopt
bugs		:
bogomips	: 6185.90
clflush size	: 64
cache_alignment	: 64
address sizes	: 36 bits physical, 48 bits virtual
power management:



Memory: 4k page, physical 8086252k(434604k free), swap 8297468k(5139984k free)

vm_info: Java HotSpot(TM) 64-Bit Server VM (25.51-b03) for linux-amd64 JRE (1.8.0_51-b16), built on Jun  8 2015 19:28:07 by "java_re" with gcc 4.3.0 20080428 (Red Hat 4.3.0-8)

time: Wed Nov  8 18:58:30 2017
elapsed time: 477 seconds (0d 0h 7m 57s)

